
Error compiling Cython file:
------------------------------------------------------------
...
from DataFileList cimport *
from DataSetList cimport *
from Vec3 cimport Vec3
from AtomMask cimport AtomMask
from CpptrajFile cimport *
from OnlineVarT cimport Stats
^
------------------------------------------------------------

Action_PairDist.pyx:20:0: 'Stats.pxd' not found

Error compiling Cython file:
------------------------------------------------------------
...
from DataFileList cimport *
from DataSetList cimport *
from Vec3 cimport Vec3
from AtomMask cimport AtomMask
from CpptrajFile cimport *
from OnlineVarT cimport Stats
                       ^
------------------------------------------------------------

Action_PairDist.pyx:20:24: Name 'Stats' not declared in module 'OnlineVarT'

Error compiling Cython file:
------------------------------------------------------------
...
from Vec3 cimport Vec3
from AtomMask cimport AtomMask
from CpptrajFile cimport *
from OnlineVarT cimport Stats

cdef class Action_PairDist(ImagedAction):
    ^
------------------------------------------------------------

Action_PairDist.pyx:22:5: 'ImagedAction' is not an extension type

Error compiling Cython file:
------------------------------------------------------------
...
from Vec3 cimport Vec3
from AtomMask cimport AtomMask
from CpptrajFile cimport *
from OnlineVarT cimport Stats

cdef class Action_PairDist(ImagedAction):
    ^
------------------------------------------------------------

Action_PairDist.pyx:22:5: 'Action_PairDist' redeclared 

Error compiling Cython file:
------------------------------------------------------------
...
from CpptrajFile cimport *
from OnlineVarT cimport Stats

cdef class Action_PairDist(ImagedAction):
    cdef:
          public CpptrajFile output
                            ^
------------------------------------------------------------

Action_PairDist.pyx:24:29: C attribute of type 'CpptrajFile' cannot be accessed from Python

Error compiling Cython file:
------------------------------------------------------------
...
from OnlineVarT cimport Stats

cdef class Action_PairDist(ImagedAction):
    cdef:
          public CpptrajFile output
          public AtomMask mask1
                         ^
------------------------------------------------------------

Action_PairDist.pyx:25:26: C attribute of type 'AtomMask' cannot be accessed from Python

Error compiling Cython file:
------------------------------------------------------------
...

cdef class Action_PairDist(ImagedAction):
    cdef:
          public CpptrajFile output
          public AtomMask mask1
          public AtomMask mask2
                         ^
------------------------------------------------------------

Action_PairDist.pyx:26:26: C attribute of type 'AtomMask' cannot be accessed from Python

Error compiling Cython file:
------------------------------------------------------------
...
    cdef:
          public CpptrajFile output
          public AtomMask mask1
          public AtomMask mask2
          public double delta        
          public vector[Stats[double]] histogram
                             ^
------------------------------------------------------------

Action_PairDist.pyx:28:30: unknown type in template argument

Error compiling Cython file:
------------------------------------------------------------
...
    cdef:
          public CpptrajFile output
          public AtomMask mask1
          public AtomMask mask2
          public double delta        
          public vector[Stats[double]] histogram
                                      ^
------------------------------------------------------------

Action_PairDist.pyx:28:39: C attribute of type '<error>' cannot be accessed from Python

Error compiling Cython file:
------------------------------------------------------------
...

        self.InitImaging(True)

        if self.output.OpenEnsembleWrite(outfileName, DSL.EnsembleNum()):
            print("Error")
            return Action.ERR
                        ^
------------------------------------------------------------

Action_PairDist.pyx:59:25: Object of type 'Action' has no attribute 'ERR'

Error compiling Cython file:
------------------------------------------------------------
...
            return Action.ERR

        mask1 = actionArgs.GetStringKey("mask")
        if mask1.empty():
            print("Error")
            return Action.ERR
                        ^
------------------------------------------------------------

Action_PairDist.pyx:64:25: Object of type 'Action' has no attribute 'ERR'

Error compiling Cython file:
------------------------------------------------------------
...
                self.same_mask = False
            else:
                self.same_mask = True

        self.delta = actionArgs.getKeyDouble("delta", 0.01)
        return Action.OK
                    ^
------------------------------------------------------------

Action_PairDist.pyx:79:21: Object of type 'Action' has no attribute 'OK'

Error compiling Cython file:
------------------------------------------------------------
...
        

    def Setup(self, Topology* currentParm, Topology** parmAddress):

        if currentParm.SetupIntegerMask(self.mask1):
            return Action.ERR
                        ^
------------------------------------------------------------

Action_PairDist.pyx:85:25: Object of type 'Action' has no attribute 'ERR'

Error compiling Cython file:
------------------------------------------------------------
...
            return Action.ERR

        self.mask1.BriefMaskInfo()
        if self.mask1.None():
            print("Error")
            return Action.ERR
                        ^
------------------------------------------------------------

Action_PairDist.pyx:90:25: Object of type 'Action' has no attribute 'ERR'

Error compiling Cython file:
------------------------------------------------------------
...
            return Action.ERR

        self.mask2.BriefMaskInfo()
        if self.mask2.None():
            print("Error")
            return Action.ERR
                        ^
------------------------------------------------------------

Action_PairDist.pyx:95:25: Object of type 'Action' has no attribute 'ERR'

Error compiling Cython file:
------------------------------------------------------------
...
            print("Error")
            return Action.ERR

        if self.mask1.MaskExpression() != self.mask2.MaskExpression() and self.mask1.NumAtomsInCommon(self.mask2) > 0:
            print("Error")
            return Action.ERR
                        ^
------------------------------------------------------------

Action_PairDist.pyx:99:25: Object of type 'Action' has no attribute 'ERR'

Error compiling Cython file:
------------------------------------------------------------
...
            self.ub2 = self.mask1.Nselected()
        else:
            self.ub1 = self.mask1.Nselected()
            self.ub2 = self.mask2.Nselected()

        SetupImaging(currentParm.BoxType())
                   ^
------------------------------------------------------------

Action_PairDist.pyx:108:20: undeclared name not builtin: SetupImaging

Error compiling Cython file:
------------------------------------------------------------
...
        else:
            self.ub1 = self.mask1.Nselected()
            self.ub2 = self.mask2.Nselected()

        SetupImaging(currentParm.BoxType())
        return Action.OK
                    ^
------------------------------------------------------------

Action_PairDist.pyx:109:21: Object of type 'Action' has no attribute 'OK'

Error compiling Cython file:
------------------------------------------------------------
...
        tmp.resize(self.histogram.size()) 

        for i in range(self.ub1):
            start = i + 1 if self.same_mask else 0
            for j in range(start, self.ub2):
                a1 = currentFrame.XYZ(self.mask1[i])
                                    ^
------------------------------------------------------------

Action_PairDist.pyx:123:37: Cannot assign type 'const double *' to 'Vec3'

Error compiling Cython file:
------------------------------------------------------------
...

        for i in range(self.ub1):
            start = i + 1 if self.same_mask else 0
            for j in range(start, self.ub2):
                a1 = currentFrame.XYZ(self.mask1[i])
                a2 = currentFrame.XYZ(self.mask2[j])
                                    ^
------------------------------------------------------------

Action_PairDist.pyx:124:37: Cannot assign type 'const double *' to 'Vec3'

Error compiling Cython file:
------------------------------------------------------------
...
        for i in range(self.ub1):
            start = i + 1 if self.same_mask else 0
            for j in range(start, self.ub2):
                a1 = currentFrame.XYZ(self.mask1[i])
                a2 = currentFrame.XYZ(self.mask2[j])
                if ImageType() == NONORTHO:
                           ^
------------------------------------------------------------

Action_PairDist.pyx:125:28: undeclared name not builtin: ImageType

Error compiling Cython file:
------------------------------------------------------------
...
                    #break
                elif ImageType()  == NOIMAGE:
                    Dist = DIST2_NoImage(a1, a2)
                    #break

                binnum = sqrt(Dist) / self.delta
                            ^
------------------------------------------------------------

Action_PairDist.pyx:136:29: undeclared name not builtin: sqrt

Error compiling Cython file:
------------------------------------------------------------
...
                    self.histogram.resize(self.maxbin + 1)
                tmp[binnum] += 1

        for i in range(tmp.szie()):
            self.histogram[i].accumulate(tmp[i])
        return Action.OK
                    ^
------------------------------------------------------------

Action_PairDist.pyx:145:21: Object of type 'Action' has no attribute 'OK'

Error compiling Cython file:
------------------------------------------------------------
...
from CpptrajFile cimport *
from OnlineVarT cimport Stats

cdef class Action_PairDist(ImagedAction):
    cdef:
          public CpptrajFile output
                            ^
------------------------------------------------------------

Action_PairDist.pyx:24:29: Cannot convert 'CpptrajFile' to Python object

Error compiling Cython file:
------------------------------------------------------------
...
from CpptrajFile cimport *
from OnlineVarT cimport Stats

cdef class Action_PairDist(ImagedAction):
    cdef:
          public CpptrajFile output
                            ^
------------------------------------------------------------

Action_PairDist.pyx:24:29: Cannot convert Python object to 'CpptrajFile'

Error compiling Cython file:
------------------------------------------------------------
...
from OnlineVarT cimport Stats

cdef class Action_PairDist(ImagedAction):
    cdef:
          public CpptrajFile output
          public AtomMask mask1
                         ^
------------------------------------------------------------

Action_PairDist.pyx:25:26: Cannot convert 'AtomMask' to Python object

Error compiling Cython file:
------------------------------------------------------------
...
from OnlineVarT cimport Stats

cdef class Action_PairDist(ImagedAction):
    cdef:
          public CpptrajFile output
          public AtomMask mask1
                         ^
------------------------------------------------------------

Action_PairDist.pyx:25:26: Cannot convert Python object to 'AtomMask'

Error compiling Cython file:
------------------------------------------------------------
...

cdef class Action_PairDist(ImagedAction):
    cdef:
          public CpptrajFile output
          public AtomMask mask1
          public AtomMask mask2
                         ^
------------------------------------------------------------

Action_PairDist.pyx:26:26: Cannot convert 'AtomMask' to Python object

Error compiling Cython file:
------------------------------------------------------------
...

cdef class Action_PairDist(ImagedAction):
    cdef:
          public CpptrajFile output
          public AtomMask mask1
          public AtomMask mask2
                         ^
------------------------------------------------------------

Action_PairDist.pyx:26:26: Cannot convert Python object to 'AtomMask'
missing cimport in module '.utility': /mnt/raidc/haichit/anaconda/lib/python2.7/site-packages/Cython-0.22pre-py2.7-linux-x86_64.egg/Cython/Includes/libcpp/set.pxd
missing cimport in module '.utility': /mnt/raidc/haichit/anaconda/lib/python2.7/site-packages/Cython-0.22pre-py2.7-linux-x86_64.egg/Cython/Includes/libcpp/map.pxd
Compiling test_Box.pyx because it changed.
Compiling test_Vec3.pyx because it depends on /mnt/raidc2/haichit/Study/Cython/pycpptraj/src/PXD_without_under_score/Vec3.pxd.
Compiling test_Action.pyx because it changed.
Compiling Action_PairDist.pyx because it changed.
Cythonizing Action_PairDist.pyx
Traceback (most recent call last):
  File "./setup.py", line 10, in <module>
    include_dirs=[np.get_include()])
  File "/mnt/raidc/haichit/anaconda/lib/python2.7/site-packages/Cython-0.22pre-py2.7-linux-x86_64.egg/Cython/Build/Dependencies.py", line 840, in cythonize
    cythonize_one(*args[1:])
  File "/mnt/raidc/haichit/anaconda/lib/python2.7/site-packages/Cython-0.22pre-py2.7-linux-x86_64.egg/Cython/Build/Dependencies.py", line 959, in cythonize_one
    raise CompileError(None, pyx_file)
Cython.Compiler.Errors.CompileError: Action_PairDist.pyx
